{"/media/rocabral/d2585a8b-a88d-440a-b830-a62c311b83cd/frontend/UDEMY/testes/ws/project-01/src/App.tsx": {"path":"/media/rocabral/d2585a8b-a88d-440a-b830-a62c311b83cd/frontend/UDEMY/testes/ws/project-01/src/App.tsx","all":false,"statementMap":{"0":{"start":{"line":1,"column":0},"end":{"line":1,"column":19}},"2":{"start":{"line":3,"column":0},"end":{"line":3,"column":16}},"3":{"start":{"line":4,"column":0},"end":{"line":4,"column":10}},"4":{"start":{"line":5,"column":0},"end":{"line":5,"column":9}},"5":{"start":{"line":6,"column":0},"end":{"line":6,"column":27}},"6":{"start":{"line":7,"column":0},"end":{"line":7,"column":10}},"8":{"start":{"line":9,"column":0},"end":{"line":9,"column":1}},"10":{"start":{"line":11,"column":0},"end":{"line":11,"column":19}}},"s":{"0":1,"2":2,"3":2,"4":2,"5":2,"6":2,"8":2,"10":1},"branchMap":{"0":{"type":"branch","line":3,"loc":{"start":{"line":3,"column":0},"end":{"line":9,"column":1}},"locations":[{"start":{"line":3,"column":0},"end":{"line":9,"column":1}}]}},"b":{"0":[2]},"fnMap":{"0":{"name":"App","decl":{"start":{"line":3,"column":0},"end":{"line":9,"column":1}},"loc":{"start":{"line":3,"column":0},"end":{"line":9,"column":1}},"line":3}},"f":{"0":2}}
,"/media/rocabral/d2585a8b-a88d-440a-b830-a62c311b83cd/frontend/UDEMY/testes/ws/project-01/src/main.tsx": {"path":"/media/rocabral/d2585a8b-a88d-440a-b830-a62c311b83cd/frontend/UDEMY/testes/ws/project-01/src/main.tsx","all":true,"statementMap":{"0":{"start":{"line":1,"column":0},"end":{"line":1,"column":46}},"1":{"start":{"line":2,"column":0},"end":{"line":2,"column":49}},"2":{"start":{"line":3,"column":0},"end":{"line":3,"column":21}},"3":{"start":{"line":4,"column":0},"end":{"line":4,"column":38}},"5":{"start":{"line":6,"column":0},"end":{"line":6,"column":52}},"6":{"start":{"line":7,"column":0},"end":{"line":7,"column":17}},"7":{"start":{"line":8,"column":0},"end":{"line":8,"column":18}},"8":{"start":{"line":9,"column":0},"end":{"line":9,"column":18}},"9":{"start":{"line":10,"column":0},"end":{"line":10,"column":2}}},"s":{"0":0,"1":0,"2":0,"3":0,"5":0,"6":0,"7":0,"8":0,"9":0},"branchMap":{"0":{"type":"branch","line":1,"loc":{"start":{"line":1,"column":270},"end":{"line":10,"column":2}},"locations":[{"start":{"line":1,"column":270},"end":{"line":10,"column":2}}]}},"b":{"0":[0]},"fnMap":{"0":{"name":"(empty-report)","decl":{"start":{"line":1,"column":270},"end":{"line":10,"column":2}},"loc":{"start":{"line":1,"column":270},"end":{"line":10,"column":2}},"line":1}},"f":{"0":0}}
,"/media/rocabral/d2585a8b-a88d-440a-b830-a62c311b83cd/frontend/UDEMY/testes/ws/project-01/src/routes.tsx": {"path":"/media/rocabral/d2585a8b-a88d-440a-b830-a62c311b83cd/frontend/UDEMY/testes/ws/project-01/src/routes.tsx","all":false,"statementMap":{"0":{"start":{"line":1,"column":0},"end":{"line":1,"column":49}},"1":{"start":{"line":2,"column":0},"end":{"line":2,"column":38}},"2":{"start":{"line":3,"column":0},"end":{"line":3,"column":40}},"3":{"start":{"line":4,"column":0},"end":{"line":4,"column":34}},"5":{"start":{"line":6,"column":0},"end":{"line":6,"column":33}},"6":{"start":{"line":7,"column":0},"end":{"line":7,"column":10}},"7":{"start":{"line":8,"column":0},"end":{"line":8,"column":12}},"8":{"start":{"line":9,"column":0},"end":{"line":9,"column":44}},"9":{"start":{"line":10,"column":0},"end":{"line":10,"column":57}},"10":{"start":{"line":11,"column":0},"end":{"line":11,"column":51}},"11":{"start":{"line":12,"column":0},"end":{"line":12,"column":62}},"12":{"start":{"line":13,"column":0},"end":{"line":13,"column":13}},"14":{"start":{"line":15,"column":0},"end":{"line":15,"column":2}}},"s":{"0":1,"1":1,"2":1,"3":1,"5":1,"6":4,"7":4,"8":4,"9":4,"10":4,"11":4,"12":4,"14":4},"branchMap":{"0":{"type":"branch","line":6,"loc":{"start":{"line":6,"column":26},"end":{"line":15,"column":2}},"locations":[{"start":{"line":6,"column":26},"end":{"line":15,"column":2}}]}},"b":{"0":[4]},"fnMap":{"0":{"name":"MainRoutes","decl":{"start":{"line":6,"column":26},"end":{"line":15,"column":2}},"loc":{"start":{"line":6,"column":26},"end":{"line":15,"column":2}},"line":6}},"f":{"0":4}}
,"/media/rocabral/d2585a8b-a88d-440a-b830-a62c311b83cd/frontend/UDEMY/testes/ws/project-01/src/Dashboard/index.tsx": {"path":"/media/rocabral/d2585a8b-a88d-440a-b830-a62c311b83cd/frontend/UDEMY/testes/ws/project-01/src/Dashboard/index.tsx","all":false,"statementMap":{"0":{"start":{"line":1,"column":0},"end":{"line":1,"column":42}},"2":{"start":{"line":3,"column":0},"end":{"line":3,"column":32}},"3":{"start":{"line":4,"column":0},"end":{"line":4,"column":10}},"4":{"start":{"line":5,"column":0},"end":{"line":5,"column":38}},"5":{"start":{"line":6,"column":0},"end":{"line":6,"column":24}},"6":{"start":{"line":7,"column":0},"end":{"line":7,"column":10}},"8":{"start":{"line":9,"column":0},"end":{"line":9,"column":2}}},"s":{"0":1,"2":1,"3":1,"4":1,"5":1,"6":1,"8":1},"branchMap":{"0":{"type":"branch","line":3,"loc":{"start":{"line":3,"column":25},"end":{"line":9,"column":2}},"locations":[{"start":{"line":3,"column":25},"end":{"line":9,"column":2}}]}},"b":{"0":[1]},"fnMap":{"0":{"name":"Dashboard","decl":{"start":{"line":3,"column":25},"end":{"line":9,"column":2}},"loc":{"start":{"line":3,"column":25},"end":{"line":9,"column":2}},"line":3}},"f":{"0":1}}
,"/media/rocabral/d2585a8b-a88d-440a-b830-a62c311b83cd/frontend/UDEMY/testes/ws/project-01/src/Login/index.tsx": {"path":"/media/rocabral/d2585a8b-a88d-440a-b830-a62c311b83cd/frontend/UDEMY/testes/ws/project-01/src/Login/index.tsx","all":false,"statementMap":{"0":{"start":{"line":1,"column":0},"end":{"line":1,"column":34}},"1":{"start":{"line":2,"column":0},"end":{"line":2,"column":42}},"2":{"start":{"line":3,"column":0},"end":{"line":3,"column":47}},"4":{"start":{"line":5,"column":0},"end":{"line":5,"column":28}},"5":{"start":{"line":6,"column":0},"end":{"line":6,"column":33}},"6":{"start":{"line":7,"column":0},"end":{"line":7,"column":43}},"7":{"start":{"line":8,"column":0},"end":{"line":8,"column":27}},"8":{"start":{"line":9,"column":0},"end":{"line":9,"column":27}},"9":{"start":{"line":10,"column":0},"end":{"line":10,"column":3}},"11":{"start":{"line":12,"column":0},"end":{"line":12,"column":10}},"12":{"start":{"line":13,"column":0},"end":{"line":13,"column":38}},"13":{"start":{"line":14,"column":0},"end":{"line":14,"column":20}},"14":{"start":{"line":15,"column":0},"end":{"line":15,"column":36}},"15":{"start":{"line":16,"column":0},"end":{"line":16,"column":74}},"16":{"start":{"line":17,"column":0},"end":{"line":17,"column":80}},"17":{"start":{"line":18,"column":0},"end":{"line":18,"column":31}},"18":{"start":{"line":19,"column":0},"end":{"line":19,"column":13}},"19":{"start":{"line":20,"column":0},"end":{"line":20,"column":10}},"21":{"start":{"line":22,"column":0},"end":{"line":22,"column":2}}},"s":{"0":1,"1":1,"2":1,"4":1,"5":7,"6":7,"7":1,"8":1,"9":1,"11":7,"12":7,"13":7,"14":7,"15":7,"16":7,"17":7,"18":7,"19":7,"21":7},"branchMap":{"0":{"type":"branch","line":5,"loc":{"start":{"line":5,"column":21},"end":{"line":22,"column":2}},"locations":[{"start":{"line":5,"column":21},"end":{"line":22,"column":2}}]},"1":{"type":"branch","line":7,"loc":{"start":{"line":7,"column":2},"end":{"line":10,"column":3}},"locations":[{"start":{"line":7,"column":2},"end":{"line":10,"column":3}}]}},"b":{"0":[7],"1":[1]},"fnMap":{"0":{"name":"Login","decl":{"start":{"line":5,"column":21},"end":{"line":22,"column":2}},"loc":{"start":{"line":5,"column":21},"end":{"line":22,"column":2}},"line":5},"1":{"name":"handleSubmit","decl":{"start":{"line":7,"column":2},"end":{"line":10,"column":3}},"loc":{"start":{"line":7,"column":2},"end":{"line":10,"column":3}},"line":7}},"f":{"0":7,"1":1}}
,"/media/rocabral/d2585a8b-a88d-440a-b830-a62c311b83cd/frontend/UDEMY/testes/ws/project-01/src/SignUp/index.tsx": {"path":"/media/rocabral/d2585a8b-a88d-440a-b830-a62c311b83cd/frontend/UDEMY/testes/ws/project-01/src/SignUp/index.tsx","all":false,"statementMap":{"0":{"start":{"line":1,"column":0},"end":{"line":1,"column":47}},"1":{"start":{"line":2,"column":0},"end":{"line":2,"column":42}},"4":{"start":{"line":5,"column":0},"end":{"line":5,"column":29}},"5":{"start":{"line":6,"column":0},"end":{"line":6,"column":33}},"7":{"start":{"line":8,"column":0},"end":{"line":8,"column":46}},"8":{"start":{"line":9,"column":0},"end":{"line":9,"column":27}},"10":{"start":{"line":11,"column":0},"end":{"line":11,"column":27}},"11":{"start":{"line":12,"column":0},"end":{"line":12,"column":4}},"13":{"start":{"line":14,"column":0},"end":{"line":14,"column":10}},"14":{"start":{"line":15,"column":0},"end":{"line":15,"column":38}},"15":{"start":{"line":16,"column":0},"end":{"line":16,"column":26}},"16":{"start":{"line":17,"column":0},"end":{"line":17,"column":36}},"17":{"start":{"line":18,"column":0},"end":{"line":18,"column":59}},"18":{"start":{"line":19,"column":0},"end":{"line":19,"column":60}},"19":{"start":{"line":20,"column":0},"end":{"line":20,"column":60}},"20":{"start":{"line":21,"column":0},"end":{"line":21,"column":32}},"21":{"start":{"line":22,"column":0},"end":{"line":22,"column":13}},"22":{"start":{"line":23,"column":0},"end":{"line":23,"column":10}},"24":{"start":{"line":25,"column":0},"end":{"line":25,"column":2}}},"s":{"0":1,"1":1,"4":1,"5":6,"7":6,"8":1,"10":1,"11":1,"13":6,"14":6,"15":6,"16":6,"17":6,"18":6,"19":6,"20":6,"21":6,"22":6,"24":6},"branchMap":{"0":{"type":"branch","line":5,"loc":{"start":{"line":5,"column":22},"end":{"line":25,"column":2}},"locations":[{"start":{"line":5,"column":22},"end":{"line":25,"column":2}}]},"1":{"type":"branch","line":8,"loc":{"start":{"line":8,"column":23},"end":{"line":12,"column":4}},"locations":[{"start":{"line":8,"column":23},"end":{"line":12,"column":4}}]}},"b":{"0":[6],"1":[1]},"fnMap":{"0":{"name":"SignUp","decl":{"start":{"line":5,"column":22},"end":{"line":25,"column":2}},"loc":{"start":{"line":5,"column":22},"end":{"line":25,"column":2}},"line":5},"1":{"name":"handleSubmit","decl":{"start":{"line":8,"column":23},"end":{"line":12,"column":4}},"loc":{"start":{"line":8,"column":23},"end":{"line":12,"column":4}},"line":8}},"f":{"0":6,"1":1}}
}
